{"D:\\Developer\\NodeJS\\07-RESTWeb\\src\\data\\postgres\\index.ts": {"path":"D:\\Developer\\NodeJS\\07-RESTWeb\\src\\data\\postgres\\index.ts","all":false,"statementMap":{"0":{"start":{"line":1,"column":0},"end":{"line":1,"column":46}},"1":{"start":{"line":2,"column":0},"end":{"line":2,"column":0}},"2":{"start":{"line":3,"column":0},"end":{"line":3,"column":0}},"3":{"start":{"line":4,"column":0},"end":{"line":4,"column":41}}},"s":{"0":1,"1":1,"2":1,"3":1},"branchMap":{},"b":{},"fnMap":{},"f":{}}
,"D:\\Developer\\NodeJS\\07-RESTWeb\\src\\domain\\index.ts": {"path":"D:\\Developer\\NodeJS\\07-RESTWeb\\src\\domain\\index.ts","all":false,"statementMap":{"0":{"start":{"line":1,"column":0},"end":{"line":1,"column":46}},"1":{"start":{"line":2,"column":0},"end":{"line":2,"column":23}},"2":{"start":{"line":3,"column":0},"end":{"line":3,"column":39}},"3":{"start":{"line":4,"column":0},"end":{"line":4,"column":47}},"4":{"start":{"line":5,"column":0},"end":{"line":5,"column":0}},"5":{"start":{"line":6,"column":0},"end":{"line":6,"column":38}},"6":{"start":{"line":7,"column":0},"end":{"line":7,"column":0}},"7":{"start":{"line":8,"column":0},"end":{"line":8,"column":45}},"8":{"start":{"line":9,"column":0},"end":{"line":9,"column":45}},"9":{"start":{"line":10,"column":0},"end":{"line":10,"column":42}},"10":{"start":{"line":11,"column":0},"end":{"line":11,"column":43}},"11":{"start":{"line":12,"column":0},"end":{"line":12,"column":45}}},"s":{"0":1,"1":1,"2":1,"3":1,"4":1,"5":1,"6":1,"7":1,"8":1,"9":1,"10":1,"11":1},"branchMap":{},"b":{},"fnMap":{},"f":{}}
,"D:\\Developer\\NodeJS\\07-RESTWeb\\src\\domain\\errors\\custom.error.ts": {"path":"D:\\Developer\\NodeJS\\07-RESTWeb\\src\\domain\\errors\\custom.error.ts","all":false,"statementMap":{"0":{"start":{"line":1,"column":0},"end":{"line":1,"column":0}},"1":{"start":{"line":2,"column":0},"end":{"line":2,"column":0}},"2":{"start":{"line":3,"column":0},"end":{"line":3,"column":0}},"3":{"start":{"line":4,"column":0},"end":{"line":4,"column":40}},"4":{"start":{"line":5,"column":0},"end":{"line":5,"column":0}},"5":{"start":{"line":6,"column":0},"end":{"line":6,"column":16}},"6":{"start":{"line":7,"column":0},"end":{"line":7,"column":37}},"7":{"start":{"line":8,"column":0},"end":{"line":8,"column":45}},"8":{"start":{"line":9,"column":0},"end":{"line":9,"column":6}},"9":{"start":{"line":10,"column":0},"end":{"line":10,"column":23}},"10":{"start":{"line":11,"column":0},"end":{"line":11,"column":5}},"11":{"start":{"line":12,"column":0},"end":{"line":12,"column":0}},"12":{"start":{"line":13,"column":0},"end":{"line":13,"column":1}}},"s":{"0":1,"1":1,"2":1,"3":1,"4":1,"5":1,"6":3,"7":3,"8":3,"9":3,"10":3,"11":1,"12":1},"branchMap":{"0":{"type":"branch","line":6,"loc":{"start":{"line":6,"column":4},"end":{"line":11,"column":5}},"locations":[{"start":{"line":6,"column":4},"end":{"line":11,"column":5}}]}},"b":{"0":[3]},"fnMap":{"0":{"name":"CustomError","decl":{"start":{"line":6,"column":4},"end":{"line":11,"column":5}},"loc":{"start":{"line":6,"column":4},"end":{"line":11,"column":5}},"line":6}},"f":{"0":3}}
,"D:\\Developer\\NodeJS\\07-RESTWeb\\src\\infrastructure\\datasource\\todo.datasource.imp.ts": {"path":"D:\\Developer\\NodeJS\\07-RESTWeb\\src\\infrastructure\\datasource\\todo.datasource.imp.ts","all":false,"statementMap":{"0":{"start":{"line":1,"column":0},"end":{"line":1,"column":45}},"1":{"start":{"line":2,"column":0},"end":{"line":2,"column":101}},"2":{"start":{"line":3,"column":0},"end":{"line":3,"column":0}},"3":{"start":{"line":4,"column":0},"end":{"line":4,"column":0}},"4":{"start":{"line":5,"column":0},"end":{"line":5,"column":0}},"5":{"start":{"line":6,"column":0},"end":{"line":6,"column":57}},"6":{"start":{"line":7,"column":0},"end":{"line":7,"column":0}},"7":{"start":{"line":8,"column":0},"end":{"line":8,"column":69}},"8":{"start":{"line":9,"column":0},"end":{"line":9,"column":47}},"9":{"start":{"line":10,"column":0},"end":{"line":10,"column":32}},"10":{"start":{"line":11,"column":0},"end":{"line":11,"column":11}},"11":{"start":{"line":12,"column":0},"end":{"line":12,"column":40}},"12":{"start":{"line":13,"column":0},"end":{"line":13,"column":5}},"13":{"start":{"line":14,"column":0},"end":{"line":14,"column":0}},"14":{"start":{"line":15,"column":0},"end":{"line":15,"column":43}},"15":{"start":{"line":16,"column":0},"end":{"line":16,"column":51}},"16":{"start":{"line":17,"column":0},"end":{"line":17,"column":57}},"17":{"start":{"line":18,"column":0},"end":{"line":18,"column":5}},"18":{"start":{"line":19,"column":0},"end":{"line":19,"column":0}},"19":{"start":{"line":20,"column":0},"end":{"line":20,"column":53}},"20":{"start":{"line":21,"column":0},"end":{"line":21,"column":67}},"21":{"start":{"line":22,"column":0},"end":{"line":22,"column":77}},"22":{"start":{"line":23,"column":0},"end":{"line":23,"column":40}},"23":{"start":{"line":24,"column":0},"end":{"line":24,"column":5}},"24":{"start":{"line":25,"column":0},"end":{"line":25,"column":0}},"25":{"start":{"line":26,"column":0},"end":{"line":26,"column":73}},"26":{"start":{"line":27,"column":0},"end":{"line":27,"column":46}},"27":{"start":{"line":28,"column":0},"end":{"line":28,"column":54}},"28":{"start":{"line":29,"column":0},"end":{"line":29,"column":44}},"29":{"start":{"line":30,"column":0},"end":{"line":30,"column":39}},"30":{"start":{"line":31,"column":0},"end":{"line":31,"column":11}},"31":{"start":{"line":32,"column":0},"end":{"line":32,"column":47}},"32":{"start":{"line":33,"column":0},"end":{"line":33,"column":5}},"33":{"start":{"line":34,"column":0},"end":{"line":34,"column":0}},"34":{"start":{"line":35,"column":0},"end":{"line":35,"column":55}},"35":{"start":{"line":36,"column":0},"end":{"line":36,"column":32}},"36":{"start":{"line":37,"column":0},"end":{"line":37,"column":67}},"37":{"start":{"line":38,"column":0},"end":{"line":38,"column":47}},"38":{"start":{"line":39,"column":0},"end":{"line":39,"column":5}},"39":{"start":{"line":40,"column":0},"end":{"line":40,"column":0}},"40":{"start":{"line":41,"column":0},"end":{"line":41,"column":1}}},"s":{"0":1,"1":1,"2":1,"3":1,"4":1,"5":1,"6":1,"7":1,"8":1,"9":1,"10":1,"11":1,"12":1,"13":1,"14":1,"15":1,"16":1,"17":1,"18":1,"19":1,"20":7,"21":7,"22":4,"23":4,"24":1,"25":1,"26":3,"27":2,"28":2,"29":2,"30":2,"31":2,"32":2,"33":1,"34":1,"35":2,"36":1,"37":1,"38":1,"39":1,"40":1},"branchMap":{"0":{"type":"branch","line":8,"loc":{"start":{"line":8,"column":10},"end":{"line":13,"column":5}},"locations":[{"start":{"line":8,"column":10},"end":{"line":13,"column":5}}]},"1":{"type":"branch","line":15,"loc":{"start":{"line":15,"column":10},"end":{"line":18,"column":5}},"locations":[{"start":{"line":15,"column":10},"end":{"line":18,"column":5}}]},"2":{"type":"branch","line":17,"loc":{"start":{"line":17,"column":25},"end":{"line":17,"column":55}},"locations":[{"start":{"line":17,"column":25},"end":{"line":17,"column":55}}]},"3":{"type":"branch","line":20,"loc":{"start":{"line":20,"column":10},"end":{"line":24,"column":5}},"locations":[{"start":{"line":20,"column":10},"end":{"line":24,"column":5}}]},"4":{"type":"branch","line":22,"loc":{"start":{"line":22,"column":18},"end":{"line":22,"column":77}},"locations":[{"start":{"line":22,"column":18},"end":{"line":22,"column":77}}]},"5":{"type":"branch","line":23,"loc":{"start":{"line":23,"column":-2},"end":{"line":24,"column":5}},"locations":[{"start":{"line":23,"column":-2},"end":{"line":24,"column":5}}]},"6":{"type":"branch","line":26,"loc":{"start":{"line":26,"column":10},"end":{"line":33,"column":5}},"locations":[{"start":{"line":26,"column":10},"end":{"line":33,"column":5}}]},"7":{"type":"branch","line":28,"loc":{"start":{"line":28,"column":-2},"end":{"line":33,"column":5}},"locations":[{"start":{"line":28,"column":-2},"end":{"line":33,"column":5}}]},"8":{"type":"branch","line":35,"loc":{"start":{"line":35,"column":10},"end":{"line":39,"column":5}},"locations":[{"start":{"line":35,"column":10},"end":{"line":39,"column":5}}]},"9":{"type":"branch","line":37,"loc":{"start":{"line":37,"column":-2},"end":{"line":39,"column":5}},"locations":[{"start":{"line":37,"column":-2},"end":{"line":39,"column":5}}]}},"b":{"0":[1],"1":[1],"2":[2],"3":[7],"4":[3],"5":[4],"6":[3],"7":[2],"8":[2],"9":[1]},"fnMap":{"0":{"name":"create","decl":{"start":{"line":8,"column":10},"end":{"line":13,"column":5}},"loc":{"start":{"line":8,"column":10},"end":{"line":13,"column":5}},"line":8},"1":{"name":"getAll","decl":{"start":{"line":15,"column":10},"end":{"line":18,"column":5}},"loc":{"start":{"line":15,"column":10},"end":{"line":18,"column":5}},"line":15},"2":{"name":"findById","decl":{"start":{"line":20,"column":10},"end":{"line":24,"column":5}},"loc":{"start":{"line":20,"column":10},"end":{"line":24,"column":5}},"line":20},"3":{"name":"updateById","decl":{"start":{"line":26,"column":10},"end":{"line":33,"column":5}},"loc":{"start":{"line":26,"column":10},"end":{"line":33,"column":5}},"line":26},"4":{"name":"deleteById","decl":{"start":{"line":35,"column":10},"end":{"line":39,"column":5}},"loc":{"start":{"line":35,"column":10},"end":{"line":39,"column":5}},"line":35}},"f":{"0":1,"1":1,"2":7,"3":3,"4":2}}
,"D:\\Developer\\NodeJS\\07-RESTWeb\\src\\presentation\\todos\\controller.ts": {"path":"D:\\Developer\\NodeJS\\07-RESTWeb\\src\\presentation\\todos\\controller.ts","all":false,"statementMap":{"0":{"start":{"line":1,"column":0},"end":{"line":1,"column":44}},"1":{"start":{"line":2,"column":0},"end":{"line":2,"column":65}},"2":{"start":{"line":3,"column":0},"end":{"line":3,"column":114}},"3":{"start":{"line":4,"column":0},"end":{"line":4,"column":0}},"4":{"start":{"line":5,"column":0},"end":{"line":5,"column":0}},"5":{"start":{"line":6,"column":0},"end":{"line":6,"column":0}},"6":{"start":{"line":7,"column":0},"end":{"line":7,"column":30}},"7":{"start":{"line":8,"column":0},"end":{"line":8,"column":0}},"8":{"start":{"line":9,"column":0},"end":{"line":9,"column":16}},"9":{"start":{"line":10,"column":0},"end":{"line":10,"column":49}},"10":{"start":{"line":11,"column":0},"end":{"line":11,"column":8}},"11":{"start":{"line":12,"column":0},"end":{"line":12,"column":0}},"12":{"start":{"line":13,"column":0},"end":{"line":13,"column":62}},"13":{"start":{"line":14,"column":0},"end":{"line":14,"column":42}},"14":{"start":{"line":15,"column":0},"end":{"line":15,"column":70}},"15":{"start":{"line":16,"column":0},"end":{"line":16,"column":19}},"16":{"start":{"line":17,"column":0},"end":{"line":17,"column":9}},"17":{"start":{"line":18,"column":0},"end":{"line":18,"column":75}},"18":{"start":{"line":19,"column":0},"end":{"line":19,"column":5}},"19":{"start":{"line":20,"column":0},"end":{"line":20,"column":0}},"20":{"start":{"line":21,"column":0},"end":{"line":21,"column":54}},"21":{"start":{"line":22,"column":0},"end":{"line":22,"column":8}},"22":{"start":{"line":23,"column":0},"end":{"line":23,"column":35}},"23":{"start":{"line":24,"column":0},"end":{"line":24,"column":22}},"24":{"start":{"line":25,"column":0},"end":{"line":25,"column":41}},"25":{"start":{"line":26,"column":0},"end":{"line":26,"column":57}},"26":{"start":{"line":27,"column":0},"end":{"line":27,"column":5}},"27":{"start":{"line":28,"column":0},"end":{"line":28,"column":0}},"28":{"start":{"line":29,"column":0},"end":{"line":29,"column":57}},"29":{"start":{"line":30,"column":0},"end":{"line":30,"column":35}},"30":{"start":{"line":31,"column":0},"end":{"line":31,"column":34}},"31":{"start":{"line":32,"column":0},"end":{"line":32,"column":24}},"32":{"start":{"line":33,"column":0},"end":{"line":33,"column":39}},"33":{"start":{"line":34,"column":0},"end":{"line":34,"column":57}},"34":{"start":{"line":35,"column":0},"end":{"line":35,"column":5}},"35":{"start":{"line":36,"column":0},"end":{"line":36,"column":0}},"36":{"start":{"line":37,"column":0},"end":{"line":37,"column":56}},"37":{"start":{"line":38,"column":0},"end":{"line":38,"column":8}},"38":{"start":{"line":39,"column":0},"end":{"line":39,"column":70}},"39":{"start":{"line":40,"column":0},"end":{"line":40,"column":55}},"40":{"start":{"line":41,"column":0},"end":{"line":41,"column":0}},"41":{"start":{"line":42,"column":0},"end":{"line":42,"column":37}},"42":{"start":{"line":43,"column":0},"end":{"line":43,"column":36}},"43":{"start":{"line":44,"column":0},"end":{"line":44,"column":65}},"44":{"start":{"line":45,"column":0},"end":{"line":45,"column":57}},"45":{"start":{"line":46,"column":0},"end":{"line":46,"column":5}},"46":{"start":{"line":47,"column":0},"end":{"line":47,"column":0}},"47":{"start":{"line":48,"column":0},"end":{"line":48,"column":57}},"48":{"start":{"line":49,"column":0},"end":{"line":49,"column":34}},"49":{"start":{"line":50,"column":0},"end":{"line":50,"column":79}},"50":{"start":{"line":51,"column":0},"end":{"line":51,"column":0}},"51":{"start":{"line":52,"column":0},"end":{"line":52,"column":55}},"52":{"start":{"line":53,"column":0},"end":{"line":53,"column":0}},"53":{"start":{"line":54,"column":0},"end":{"line":54,"column":37}},"54":{"start":{"line":55,"column":0},"end":{"line":55,"column":36}},"55":{"start":{"line":56,"column":0},"end":{"line":56,"column":53}},"56":{"start":{"line":57,"column":0},"end":{"line":57,"column":57}},"57":{"start":{"line":58,"column":0},"end":{"line":58,"column":5}},"58":{"start":{"line":59,"column":0},"end":{"line":59,"column":0}},"59":{"start":{"line":60,"column":0},"end":{"line":60,"column":57}},"60":{"start":{"line":61,"column":0},"end":{"line":61,"column":34}},"61":{"start":{"line":62,"column":0},"end":{"line":62,"column":8}},"62":{"start":{"line":63,"column":0},"end":{"line":63,"column":37}},"63":{"start":{"line":64,"column":0},"end":{"line":64,"column":24}},"64":{"start":{"line":65,"column":0},"end":{"line":65,"column":53}},"65":{"start":{"line":66,"column":0},"end":{"line":66,"column":57}},"66":{"start":{"line":67,"column":0},"end":{"line":67,"column":5}},"67":{"start":{"line":68,"column":0},"end":{"line":68,"column":4}},"68":{"start":{"line":69,"column":0},"end":{"line":69,"column":1}}},"s":{"0":1,"1":1,"2":1,"3":1,"4":1,"5":1,"6":1,"7":1,"8":1,"9":2,"10":2,"11":1,"12":1,"13":3,"14":3,"15":3,"16":3,"17":0,"18":0,"19":1,"20":1,"21":1,"22":1,"23":1,"24":1,"25":1,"26":1,"27":1,"28":1,"29":2,"30":2,"31":2,"32":2,"33":2,"34":2,"35":1,"36":1,"37":3,"38":3,"39":3,"40":1,"41":1,"42":1,"43":1,"44":1,"45":1,"46":1,"47":1,"48":3,"49":3,"50":3,"51":3,"52":3,"53":3,"54":3,"55":3,"56":3,"57":3,"58":1,"59":1,"60":2,"61":2,"62":2,"63":2,"64":2,"65":2,"66":2,"67":1,"68":1},"branchMap":{"0":{"type":"branch","line":9,"loc":{"start":{"line":9,"column":4},"end":{"line":11,"column":8}},"locations":[{"start":{"line":9,"column":4},"end":{"line":11,"column":8}}]},"1":{"type":"branch","line":13,"loc":{"start":{"line":13,"column":26},"end":{"line":19,"column":5}},"locations":[{"start":{"line":13,"column":26},"end":{"line":19,"column":5}}]},"2":{"type":"branch","line":18,"loc":{"start":{"line":18,"column":-2},"end":{"line":19,"column":5}},"locations":[{"start":{"line":18,"column":-2},"end":{"line":19,"column":5}}]},"3":{"type":"branch","line":21,"loc":{"start":{"line":21,"column":22},"end":{"line":27,"column":5}},"locations":[{"start":{"line":21,"column":22},"end":{"line":27,"column":5}}]},"4":{"type":"branch","line":25,"loc":{"start":{"line":25,"column":18},"end":{"line":25,"column":40}},"locations":[{"start":{"line":25,"column":18},"end":{"line":25,"column":40}}]},"5":{"type":"branch","line":29,"loc":{"start":{"line":29,"column":25},"end":{"line":35,"column":5}},"locations":[{"start":{"line":29,"column":25},"end":{"line":35,"column":5}}]},"6":{"type":"branch","line":30,"loc":{"start":{"line":30,"column":30},"end":{"line":30,"column":32}},"locations":[{"start":{"line":30,"column":30},"end":{"line":30,"column":32}}]},"7":{"type":"branch","line":33,"loc":{"start":{"line":33,"column":18},"end":{"line":33,"column":38}},"locations":[{"start":{"line":33,"column":18},"end":{"line":33,"column":38}}]},"8":{"type":"branch","line":34,"loc":{"start":{"line":34,"column":19},"end":{"line":34,"column":55}},"locations":[{"start":{"line":34,"column":19},"end":{"line":34,"column":55}}]},"9":{"type":"branch","line":37,"loc":{"start":{"line":37,"column":24},"end":{"line":46,"column":5}},"locations":[{"start":{"line":37,"column":24},"end":{"line":46,"column":5}}]},"10":{"type":"branch","line":40,"loc":{"start":{"line":40,"column":18},"end":{"line":40,"column":55}},"locations":[{"start":{"line":40,"column":18},"end":{"line":40,"column":55}}]},"11":{"type":"branch","line":41,"loc":{"start":{"line":41,"column":-2},"end":{"line":46,"column":5}},"locations":[{"start":{"line":41,"column":-2},"end":{"line":46,"column":5}}]},"12":{"type":"branch","line":44,"loc":{"start":{"line":44,"column":18},"end":{"line":44,"column":64}},"locations":[{"start":{"line":44,"column":18},"end":{"line":44,"column":64}}]},"13":{"type":"branch","line":48,"loc":{"start":{"line":48,"column":24},"end":{"line":58,"column":5}},"locations":[{"start":{"line":48,"column":24},"end":{"line":58,"column":5}}]},"14":{"type":"branch","line":52,"loc":{"start":{"line":52,"column":18},"end":{"line":52,"column":55}},"locations":[{"start":{"line":52,"column":18},"end":{"line":52,"column":55}}]},"15":{"type":"branch","line":56,"loc":{"start":{"line":56,"column":18},"end":{"line":56,"column":52}},"locations":[{"start":{"line":56,"column":18},"end":{"line":56,"column":52}}]},"16":{"type":"branch","line":57,"loc":{"start":{"line":57,"column":19},"end":{"line":57,"column":55}},"locations":[{"start":{"line":57,"column":19},"end":{"line":57,"column":55}}]},"17":{"type":"branch","line":60,"loc":{"start":{"line":60,"column":24},"end":{"line":67,"column":5}},"locations":[{"start":{"line":60,"column":24},"end":{"line":67,"column":5}}]},"18":{"type":"branch","line":65,"loc":{"start":{"line":65,"column":18},"end":{"line":65,"column":52}},"locations":[{"start":{"line":65,"column":18},"end":{"line":65,"column":52}}]},"19":{"type":"branch","line":66,"loc":{"start":{"line":66,"column":19},"end":{"line":66,"column":55}},"locations":[{"start":{"line":66,"column":19},"end":{"line":66,"column":55}}]}},"b":{"0":[2],"1":[3],"2":[0],"3":[1],"4":[1],"5":[2],"6":[0],"7":[1],"8":[1],"9":[3],"10":[2],"11":[1],"12":[1],"13":[3],"14":[0],"15":[2],"16":[1],"17":[2],"18":[1],"19":[1]},"fnMap":{"0":{"name":"TodosController","decl":{"start":{"line":9,"column":4},"end":{"line":11,"column":8}},"loc":{"start":{"line":9,"column":4},"end":{"line":11,"column":8}},"line":9},"1":{"name":"TodosController.handleError","decl":{"start":{"line":13,"column":26},"end":{"line":19,"column":5}},"loc":{"start":{"line":13,"column":26},"end":{"line":19,"column":5}},"line":13},"2":{"name":"TodosController.getTodos","decl":{"start":{"line":21,"column":22},"end":{"line":27,"column":5}},"loc":{"start":{"line":21,"column":22},"end":{"line":27,"column":5}},"line":21},"3":{"name":"TodosController.getTodoById","decl":{"start":{"line":29,"column":25},"end":{"line":35,"column":5}},"loc":{"start":{"line":29,"column":25},"end":{"line":35,"column":5}},"line":29},"4":{"name":"TodosController.createTodo","decl":{"start":{"line":37,"column":24},"end":{"line":46,"column":5}},"loc":{"start":{"line":37,"column":24},"end":{"line":46,"column":5}},"line":37},"5":{"name":"TodosController.updateTodo","decl":{"start":{"line":48,"column":24},"end":{"line":58,"column":5}},"loc":{"start":{"line":48,"column":24},"end":{"line":58,"column":5}},"line":48},"6":{"name":"TodosController.deleteTodo","decl":{"start":{"line":60,"column":24},"end":{"line":67,"column":5}},"loc":{"start":{"line":60,"column":24},"end":{"line":67,"column":5}},"line":60}},"f":{"0":2,"1":3,"2":1,"3":2,"4":3,"5":3,"6":2}}
,"D:\\Developer\\NodeJS\\07-RESTWeb\\tests\\test-server.ts": {"path":"D:\\Developer\\NodeJS\\07-RESTWeb\\tests\\test-server.ts","all":false,"statementMap":{"0":{"start":{"line":1,"column":0},"end":{"line":1,"column":42}},"1":{"start":{"line":2,"column":0},"end":{"line":2,"column":55}},"2":{"start":{"line":3,"column":0},"end":{"line":3,"column":52}},"3":{"start":{"line":4,"column":0},"end":{"line":4,"column":0}},"4":{"start":{"line":5,"column":0},"end":{"line":5,"column":0}},"5":{"start":{"line":6,"column":0},"end":{"line":6,"column":0}},"6":{"start":{"line":7,"column":0},"end":{"line":7,"column":38}},"7":{"start":{"line":8,"column":0},"end":{"line":8,"column":20}},"8":{"start":{"line":9,"column":0},"end":{"line":9,"column":28}},"9":{"start":{"line":10,"column":0},"end":{"line":10,"column":3}}},"s":{"0":1,"1":1,"2":1,"3":1,"4":1,"5":1,"6":1,"7":1,"8":1,"9":1},"branchMap":{},"b":{},"fnMap":{},"f":{}}
}
